{"C:\\Users\\Cusmash\\Desktop\\React\\05-hook-app\\src\\03-examples\\LoadingMessage.jsx": {"path":"C:\\Users\\Cusmash\\Desktop\\React\\05-hook-app\\src\\03-examples\\LoadingMessage.jsx","statementMap":{"0":{"start":{"line":3,"column":30},"end":{"line":12,"column":1}},"1":{"start":{"line":4,"column":2},"end":{"line":11,"column":3}}},"fnMap":{"0":{"name":"(anonymous_0)","decl":{"start":{"line":3,"column":30},"end":{"line":3,"column":31}},"loc":{"start":{"line":3,"column":36},"end":{"line":12,"column":1}},"line":3}},"branchMap":{},"s":{"0":1,"1":2},"f":{"0":2},"b":{},"_coverageSchema":"1a1c01bbd47fc00a2c39e90264f33305004495a9","hash":"e6eb4724f3e728594c1b7a8511da75b92b001023"}
,"C:\\Users\\Cusmash\\Desktop\\React\\05-hook-app\\src\\03-examples\\MultipleCustomHooks.jsx": {"path":"C:\\Users\\Cusmash\\Desktop\\React\\05-hook-app\\src\\03-examples\\MultipleCustomHooks.jsx","statementMap":{"0":{"start":{"line":7,"column":35},"end":{"line":49,"column":1}},"1":{"start":{"line":9,"column":46},"end":{"line":9,"column":59}},"2":{"start":{"line":10,"column":41},"end":{"line":10,"column":99}},"3":{"start":{"line":12,"column":2},"end":{"line":48,"column":3}},"4":{"start":{"line":35,"column":27},"end":{"line":35,"column":59}},"5":{"start":{"line":41,"column":27},"end":{"line":41,"column":38}}},"fnMap":{"0":{"name":"(anonymous_0)","decl":{"start":{"line":7,"column":35},"end":{"line":7,"column":36}},"loc":{"start":{"line":7,"column":41},"end":{"line":49,"column":1}},"line":7},"1":{"name":"(anonymous_1)","decl":{"start":{"line":35,"column":21},"end":{"line":35,"column":22}},"loc":{"start":{"line":35,"column":27},"end":{"line":35,"column":59}},"line":35},"2":{"name":"(anonymous_2)","decl":{"start":{"line":41,"column":21},"end":{"line":41,"column":22}},"loc":{"start":{"line":41,"column":27},"end":{"line":41,"column":38}},"line":41}},"branchMap":{"0":{"loc":{"start":{"line":18,"column":12},"end":{"line":31,"column":13}},"type":"cond-expr","locations":[{"start":{"line":19,"column":14},"end":{"line":19,"column":31}},{"start":{"line":21,"column":16},"end":{"line":30,"column":18}}],"line":18},"1":{"loc":{"start":{"line":35,"column":27},"end":{"line":35,"column":59}},"type":"cond-expr","locations":[{"start":{"line":35,"column":41},"end":{"line":35,"column":52}},{"start":{"line":35,"column":55},"end":{"line":35,"column":59}}],"line":35}},"s":{"0":1,"1":2,"2":2,"3":2,"4":1,"5":0},"f":{"0":2,"1":1,"2":0},"b":{"0":[2,0],"1":[1,0]},"_coverageSchema":"1a1c01bbd47fc00a2c39e90264f33305004495a9","hash":"b9e68fdb974ecf1d5d3430b1b3f2960b7af3aaf4"}
,"C:\\Users\\Cusmash\\Desktop\\React\\05-hook-app\\src\\03-examples\\PokemonCard.jsx": {"path":"C:\\Users\\Cusmash\\Desktop\\React\\05-hook-app\\src\\03-examples\\PokemonCard.jsx","statementMap":{"0":{"start":{"line":3,"column":27},"end":{"line":17,"column":1}},"1":{"start":{"line":4,"column":2},"end":{"line":16,"column":3}},"2":{"start":{"line":11,"column":14},"end":{"line":11,"column":63}}},"fnMap":{"0":{"name":"(anonymous_0)","decl":{"start":{"line":3,"column":27},"end":{"line":3,"column":28}},"loc":{"start":{"line":3,"column":59},"end":{"line":17,"column":1}},"line":3},"1":{"name":"(anonymous_1)","decl":{"start":{"line":10,"column":25},"end":{"line":10,"column":26}},"loc":{"start":{"line":11,"column":14},"end":{"line":11,"column":63}},"line":11}},"branchMap":{"0":{"loc":{"start":{"line":3,"column":40},"end":{"line":3,"column":52}},"type":"default-arg","locations":[{"start":{"line":3,"column":50},"end":{"line":3,"column":52}}],"line":3}},"s":{"0":1,"1":0,"2":0},"f":{"0":0,"1":0},"b":{"0":[0]},"_coverageSchema":"1a1c01bbd47fc00a2c39e90264f33305004495a9","hash":"bc8241ce657b1cc9e429cc488c66931aa307981e"}
,"C:\\Users\\Cusmash\\Desktop\\React\\05-hook-app\\src\\08-useReducer\\TodoAdd.jsx": {"path":"C:\\Users\\Cusmash\\Desktop\\React\\05-hook-app\\src\\08-useReducer\\TodoAdd.jsx","statementMap":{"0":{"start":{"line":4,"column":23},"end":{"line":42,"column":1}},"1":{"start":{"line":6,"column":56},"end":{"line":8,"column":6}},"2":{"start":{"line":10,"column":25},"end":{"line":22,"column":5}},"3":{"start":{"line":11,"column":8},"end":{"line":11,"column":31}},"4":{"start":{"line":12,"column":8},"end":{"line":12,"column":44}},"5":{"start":{"line":12,"column":37},"end":{"line":12,"column":44}},"6":{"start":{"line":14,"column":24},"end":{"line":18,"column":9}},"7":{"start":{"line":20,"column":8},"end":{"line":20,"column":27}},"8":{"start":{"line":21,"column":8},"end":{"line":21,"column":22}},"9":{"start":{"line":24,"column":4},"end":{"line":41,"column":5}}},"fnMap":{"0":{"name":"(anonymous_0)","decl":{"start":{"line":4,"column":23},"end":{"line":4,"column":24}},"loc":{"start":{"line":4,"column":42},"end":{"line":42,"column":1}},"line":4},"1":{"name":"(anonymous_1)","decl":{"start":{"line":10,"column":25},"end":{"line":10,"column":26}},"loc":{"start":{"line":10,"column":36},"end":{"line":22,"column":5}},"line":10}},"branchMap":{"0":{"loc":{"start":{"line":12,"column":8},"end":{"line":12,"column":44}},"type":"if","locations":[{"start":{"line":12,"column":8},"end":{"line":12,"column":44}},{"start":{},"end":{}}],"line":12}},"s":{"0":1,"1":1,"2":1,"3":0,"4":0,"5":0,"6":0,"7":0,"8":0,"9":1},"f":{"0":1,"1":0},"b":{"0":[0,0]},"_coverageSchema":"1a1c01bbd47fc00a2c39e90264f33305004495a9","hash":"1103b31153c489cd0ac95cd3fd2fdec63c6aeb29"}
,"C:\\Users\\Cusmash\\Desktop\\React\\05-hook-app\\src\\08-useReducer\\TodoApp.jsx": {"path":"C:\\Users\\Cusmash\\Desktop\\React\\05-hook-app\\src\\08-useReducer\\TodoApp.jsx","statementMap":{"0":{"start":{"line":6,"column":23},"end":{"line":33,"column":1}},"1":{"start":{"line":8,"column":104},"end":{"line":8,"column":114}},"2":{"start":{"line":10,"column":4},"end":{"line":32,"column":5}}},"fnMap":{"0":{"name":"(anonymous_0)","decl":{"start":{"line":6,"column":23},"end":{"line":6,"column":24}},"loc":{"start":{"line":6,"column":29},"end":{"line":33,"column":1}},"line":6}},"branchMap":{},"s":{"0":1,"1":1,"2":1},"f":{"0":1},"b":{},"_coverageSchema":"1a1c01bbd47fc00a2c39e90264f33305004495a9","hash":"f50cfa73ca14a8dd5c96dbd0bac6363f4ab2a2aa"}
,"C:\\Users\\Cusmash\\Desktop\\React\\05-hook-app\\src\\08-useReducer\\TodoItem.jsx": {"path":"C:\\Users\\Cusmash\\Desktop\\React\\05-hook-app\\src\\08-useReducer\\TodoItem.jsx","statementMap":{"0":{"start":{"line":3,"column":24},"end":{"line":21,"column":1}},"1":{"start":{"line":4,"column":4},"end":{"line":20,"column":5}},"2":{"start":{"line":8,"column":32},"end":{"line":8,"column":53}},"3":{"start":{"line":15,"column":32},"end":{"line":15,"column":53}}},"fnMap":{"0":{"name":"(anonymous_0)","decl":{"start":{"line":3,"column":24},"end":{"line":3,"column":25}},"loc":{"start":{"line":3,"column":66},"end":{"line":21,"column":1}},"line":3},"1":{"name":"(anonymous_1)","decl":{"start":{"line":8,"column":26},"end":{"line":8,"column":27}},"loc":{"start":{"line":8,"column":32},"end":{"line":8,"column":53}},"line":8},"2":{"name":"(anonymous_2)","decl":{"start":{"line":15,"column":26},"end":{"line":15,"column":27}},"loc":{"start":{"line":15,"column":32},"end":{"line":15,"column":53}},"line":15}},"branchMap":{"0":{"loc":{"start":{"line":7,"column":49},"end":{"line":7,"column":98}},"type":"cond-expr","locations":[{"start":{"line":7,"column":63},"end":{"line":7,"column":93}},{"start":{"line":7,"column":96},"end":{"line":7,"column":98}}],"line":7}},"s":{"0":2,"1":6,"2":1,"3":1},"f":{"0":6,"1":1,"2":1},"b":{"0":[4,2]},"_coverageSchema":"1a1c01bbd47fc00a2c39e90264f33305004495a9","hash":"badce2e71568d50f1e239dbc03cd2167a466733b"}
,"C:\\Users\\Cusmash\\Desktop\\React\\05-hook-app\\src\\08-useReducer\\TodoList.jsx": {"path":"C:\\Users\\Cusmash\\Desktop\\React\\05-hook-app\\src\\08-useReducer\\TodoList.jsx","statementMap":{"0":{"start":{"line":4,"column":24},"end":{"line":19,"column":1}},"1":{"start":{"line":5,"column":4},"end":{"line":18,"column":5}},"2":{"start":{"line":9,"column":20},"end":{"line":14,"column":22}}},"fnMap":{"0":{"name":"(anonymous_0)","decl":{"start":{"line":4,"column":24},"end":{"line":4,"column":25}},"loc":{"start":{"line":4,"column":72},"end":{"line":19,"column":1}},"line":4},"1":{"name":"(anonymous_1)","decl":{"start":{"line":8,"column":26},"end":{"line":8,"column":27}},"loc":{"start":{"line":9,"column":20},"end":{"line":14,"column":22}},"line":9}},"branchMap":{"0":{"loc":{"start":{"line":4,"column":27},"end":{"line":4,"column":37}},"type":"default-arg","locations":[{"start":{"line":4,"column":35},"end":{"line":4,"column":37}}],"line":4}},"s":{"0":1,"1":1,"2":2},"f":{"0":1,"1":2},"b":{"0":[0]},"_coverageSchema":"1a1c01bbd47fc00a2c39e90264f33305004495a9","hash":"a1a914c5b4adf4137878160e9ef9bd9dc2f519c6"}
,"C:\\Users\\Cusmash\\Desktop\\React\\05-hook-app\\src\\08-useReducer\\todoReducer.js": {"path":"C:\\Users\\Cusmash\\Desktop\\React\\05-hook-app\\src\\08-useReducer\\todoReducer.js","statementMap":{"0":{"start":{"line":3,"column":27},"end":{"line":24,"column":1}},"1":{"start":{"line":4,"column":4},"end":{"line":23,"column":5}},"2":{"start":{"line":6,"column":12},"end":{"line":6,"column":53}},"3":{"start":{"line":8,"column":12},"end":{"line":8,"column":75}},"4":{"start":{"line":8,"column":47},"end":{"line":8,"column":73}},"5":{"start":{"line":10,"column":12},"end":{"line":20,"column":15}},"6":{"start":{"line":12,"column":16},"end":{"line":17,"column":17}},"7":{"start":{"line":13,"column":20},"end":{"line":16,"column":21}},"8":{"start":{"line":19,"column":16},"end":{"line":19,"column":28}},"9":{"start":{"line":22,"column":12},"end":{"line":22,"column":32}}},"fnMap":{"0":{"name":"(anonymous_0)","decl":{"start":{"line":3,"column":27},"end":{"line":3,"column":28}},"loc":{"start":{"line":3,"column":58},"end":{"line":24,"column":1}},"line":3},"1":{"name":"(anonymous_1)","decl":{"start":{"line":8,"column":39},"end":{"line":8,"column":40}},"loc":{"start":{"line":8,"column":47},"end":{"line":8,"column":73}},"line":8},"2":{"name":"(anonymous_2)","decl":{"start":{"line":10,"column":37},"end":{"line":10,"column":38}},"loc":{"start":{"line":10,"column":45},"end":{"line":20,"column":13}},"line":10}},"branchMap":{"0":{"loc":{"start":{"line":3,"column":28},"end":{"line":3,"column":45}},"type":"default-arg","locations":[{"start":{"line":3,"column":43},"end":{"line":3,"column":45}}],"line":3},"1":{"loc":{"start":{"line":4,"column":4},"end":{"line":23,"column":5}},"type":"switch","locations":[{"start":{"line":5,"column":8},"end":{"line":6,"column":53}},{"start":{"line":7,"column":8},"end":{"line":8,"column":75}},{"start":{"line":9,"column":8},"end":{"line":20,"column":15}},{"start":{"line":21,"column":8},"end":{"line":22,"column":32}}],"line":4},"2":{"loc":{"start":{"line":12,"column":16},"end":{"line":17,"column":17}},"type":"if","locations":[{"start":{"line":12,"column":16},"end":{"line":17,"column":17}},{"start":{},"end":{}}],"line":12}},"s":{"0":2,"1":5,"2":1,"3":1,"4":1,"5":2,"6":2,"7":1,"8":1,"9":1},"f":{"0":5,"1":1,"2":2},"b":{"0":[0],"1":[1,1,2,1],"2":[1,1]},"_coverageSchema":"1a1c01bbd47fc00a2c39e90264f33305004495a9","hash":"c83fc842dfa7489ba33a876c5070ac8f185fc1ed"}
,"C:\\Users\\Cusmash\\Desktop\\React\\05-hook-app\\src\\09-useContext\\AboutPage.jsx": {"path":"C:\\Users\\Cusmash\\Desktop\\React\\05-hook-app\\src\\09-useContext\\AboutPage.jsx","statementMap":{"0":{"start":{"line":3,"column":25},"end":{"line":10,"column":3}},"1":{"start":{"line":4,"column":4},"end":{"line":9,"column":5}}},"fnMap":{"0":{"name":"(anonymous_0)","decl":{"start":{"line":3,"column":25},"end":{"line":3,"column":26}},"loc":{"start":{"line":3,"column":31},"end":{"line":10,"column":3}},"line":3}},"branchMap":{},"s":{"0":1,"1":1},"f":{"0":1},"b":{},"_coverageSchema":"1a1c01bbd47fc00a2c39e90264f33305004495a9","hash":"039b47f3d7f2b4de550e2e7ce381801ee2c5eee8"}
,"C:\\Users\\Cusmash\\Desktop\\React\\05-hook-app\\src\\09-useContext\\HomePage.jsx": {"path":"C:\\Users\\Cusmash\\Desktop\\React\\05-hook-app\\src\\09-useContext\\HomePage.jsx","statementMap":{"0":{"start":{"line":5,"column":24},"end":{"line":21,"column":3}},"1":{"start":{"line":7,"column":19},"end":{"line":7,"column":44}},"2":{"start":{"line":9,"column":4},"end":{"line":20,"column":5}}},"fnMap":{"0":{"name":"(anonymous_0)","decl":{"start":{"line":5,"column":24},"end":{"line":5,"column":25}},"loc":{"start":{"line":5,"column":30},"end":{"line":21,"column":3}},"line":5}},"branchMap":{},"s":{"0":2,"1":3,"2":3},"f":{"0":3},"b":{},"_coverageSchema":"1a1c01bbd47fc00a2c39e90264f33305004495a9","hash":"862fb0ccbdf189d966519bba9d4db63bf6e51949"}
,"C:\\Users\\Cusmash\\Desktop\\React\\05-hook-app\\src\\09-useContext\\LoginPage.jsx": {"path":"C:\\Users\\Cusmash\\Desktop\\React\\05-hook-app\\src\\09-useContext\\LoginPage.jsx","statementMap":{"0":{"start":{"line":5,"column":25},"end":{"line":27,"column":3}},"1":{"start":{"line":7,"column":28},"end":{"line":7,"column":53}},"2":{"start":{"line":10,"column":4},"end":{"line":26,"column":5}},"3":{"start":{"line":21,"column":27},"end":{"line":21,"column":82}}},"fnMap":{"0":{"name":"(anonymous_0)","decl":{"start":{"line":5,"column":25},"end":{"line":5,"column":26}},"loc":{"start":{"line":5,"column":31},"end":{"line":27,"column":3}},"line":5},"1":{"name":"(anonymous_1)","decl":{"start":{"line":21,"column":21},"end":{"line":21,"column":22}},"loc":{"start":{"line":21,"column":27},"end":{"line":21,"column":82}},"line":21}},"branchMap":{},"s":{"0":2,"1":3,"2":3,"3":1},"f":{"0":3,"1":1},"b":{},"_coverageSchema":"1a1c01bbd47fc00a2c39e90264f33305004495a9","hash":"61121eaf8e82874d2dee1eb54bb34b69f7131e4e"}
,"C:\\Users\\Cusmash\\Desktop\\React\\05-hook-app\\src\\09-useContext\\MainApp.jsx": {"path":"C:\\Users\\Cusmash\\Desktop\\React\\05-hook-app\\src\\09-useContext\\MainApp.jsx","statementMap":{"0":{"start":{"line":9,"column":23},"end":{"line":26,"column":1}},"1":{"start":{"line":10,"column":2},"end":{"line":25,"column":3}}},"fnMap":{"0":{"name":"(anonymous_0)","decl":{"start":{"line":9,"column":23},"end":{"line":9,"column":24}},"loc":{"start":{"line":9,"column":29},"end":{"line":26,"column":1}},"line":9}},"branchMap":{},"s":{"0":1,"1":3},"f":{"0":3},"b":{},"_coverageSchema":"1a1c01bbd47fc00a2c39e90264f33305004495a9","hash":"d8865c8c3baa7d89a56a15c7403866c969de4616"}
,"C:\\Users\\Cusmash\\Desktop\\React\\05-hook-app\\src\\09-useContext\\Navbar.jsx": {"path":"C:\\Users\\Cusmash\\Desktop\\React\\05-hook-app\\src\\09-useContext\\Navbar.jsx","statementMap":{"0":{"start":{"line":3,"column":22},"end":{"line":39,"column":1}},"1":{"start":{"line":4,"column":4},"end":{"line":38,"column":5}},"2":{"start":{"line":15,"column":58},"end":{"line":15,"column":97}},"3":{"start":{"line":22,"column":58},"end":{"line":22,"column":97}},"4":{"start":{"line":29,"column":58},"end":{"line":29,"column":97}}},"fnMap":{"0":{"name":"(anonymous_0)","decl":{"start":{"line":3,"column":22},"end":{"line":3,"column":23}},"loc":{"start":{"line":3,"column":28},"end":{"line":39,"column":1}},"line":3},"1":{"name":"(anonymous_1)","decl":{"start":{"line":15,"column":40},"end":{"line":15,"column":41}},"loc":{"start":{"line":15,"column":58},"end":{"line":15,"column":97}},"line":15},"2":{"name":"(anonymous_2)","decl":{"start":{"line":22,"column":40},"end":{"line":22,"column":41}},"loc":{"start":{"line":22,"column":58},"end":{"line":22,"column":97}},"line":22},"3":{"name":"(anonymous_3)","decl":{"start":{"line":29,"column":40},"end":{"line":29,"column":41}},"loc":{"start":{"line":29,"column":58},"end":{"line":29,"column":97}},"line":29}},"branchMap":{"0":{"loc":{"start":{"line":15,"column":71},"end":{"line":15,"column":95}},"type":"cond-expr","locations":[{"start":{"line":15,"column":82},"end":{"line":15,"column":90}},{"start":{"line":15,"column":93},"end":{"line":15,"column":95}}],"line":15},"1":{"loc":{"start":{"line":22,"column":71},"end":{"line":22,"column":95}},"type":"cond-expr","locations":[{"start":{"line":22,"column":82},"end":{"line":22,"column":90}},{"start":{"line":22,"column":93},"end":{"line":22,"column":95}}],"line":22},"2":{"loc":{"start":{"line":29,"column":71},"end":{"line":29,"column":95}},"type":"cond-expr","locations":[{"start":{"line":29,"column":82},"end":{"line":29,"column":90}},{"start":{"line":29,"column":93},"end":{"line":29,"column":95}}],"line":29}},"s":{"0":1,"1":3,"2":4,"3":4,"4":4},"f":{"0":3,"1":4,"2":4,"3":4},"b":{"0":[1,3],"1":[1,3],"2":[1,3]},"_coverageSchema":"1a1c01bbd47fc00a2c39e90264f33305004495a9","hash":"9916e87504ad947d0bf944454ef96182045e86ce"}
,"C:\\Users\\Cusmash\\Desktop\\React\\05-hook-app\\src\\09-useContext\\context\\UserContext.jsx": {"path":"C:\\Users\\Cusmash\\Desktop\\React\\05-hook-app\\src\\09-useContext\\context\\UserContext.jsx","statementMap":{"0":{"start":{"line":3,"column":27},"end":{"line":3,"column":42}}},"fnMap":{},"branchMap":{},"s":{"0":3},"f":{},"b":{},"_coverageSchema":"1a1c01bbd47fc00a2c39e90264f33305004495a9","hash":"19061704b2d5cc942969adbabf41b01f8da38935"}
,"C:\\Users\\Cusmash\\Desktop\\React\\05-hook-app\\src\\09-useContext\\context\\UserProvider.jsx": {"path":"C:\\Users\\Cusmash\\Desktop\\React\\05-hook-app\\src\\09-useContext\\context\\UserProvider.jsx","statementMap":{"0":{"start":{"line":10,"column":28},"end":{"line":19,"column":1}},"1":{"start":{"line":12,"column":29},"end":{"line":12,"column":39}},"2":{"start":{"line":14,"column":2},"end":{"line":18,"column":3}}},"fnMap":{"0":{"name":"(anonymous_0)","decl":{"start":{"line":10,"column":28},"end":{"line":10,"column":29}},"loc":{"start":{"line":10,"column":46},"end":{"line":19,"column":1}},"line":10}},"branchMap":{},"s":{"0":1,"1":3,"2":3},"f":{"0":3},"b":{},"_coverageSchema":"1a1c01bbd47fc00a2c39e90264f33305004495a9","hash":"511cfb2fd57808aec1f50f39ceac64cd9ac7f2e5"}
,"C:\\Users\\Cusmash\\Desktop\\React\\05-hook-app\\src\\hooks\\useCounter.js": {"path":"C:\\Users\\Cusmash\\Desktop\\React\\05-hook-app\\src\\hooks\\useCounter.js","statementMap":{"0":{"start":{"line":3,"column":26},"end":{"line":30,"column":1}},"1":{"start":{"line":5,"column":34},"end":{"line":5,"column":58}},"2":{"start":{"line":11,"column":22},"end":{"line":13,"column":5}},"3":{"start":{"line":12,"column":8},"end":{"line":12,"column":49}},"4":{"start":{"line":12,"column":33},"end":{"line":12,"column":48}},"5":{"start":{"line":15,"column":22},"end":{"line":18,"column":5}},"6":{"start":{"line":16,"column":8},"end":{"line":16,"column":33}},"7":{"start":{"line":16,"column":27},"end":{"line":16,"column":33}},"8":{"start":{"line":17,"column":8},"end":{"line":17,"column":49}},"9":{"start":{"line":17,"column":33},"end":{"line":17,"column":48}},"10":{"start":{"line":20,"column":18},"end":{"line":22,"column":5}},"11":{"start":{"line":21,"column":8},"end":{"line":21,"column":34}},"12":{"start":{"line":24,"column":4},"end":{"line":29,"column":5}}},"fnMap":{"0":{"name":"(anonymous_0)","decl":{"start":{"line":3,"column":26},"end":{"line":3,"column":27}},"loc":{"start":{"line":3,"column":50},"end":{"line":30,"column":1}},"line":3},"1":{"name":"(anonymous_1)","decl":{"start":{"line":11,"column":22},"end":{"line":11,"column":23}},"loc":{"start":{"line":11,"column":39},"end":{"line":13,"column":5}},"line":11},"2":{"name":"(anonymous_2)","decl":{"start":{"line":12,"column":20},"end":{"line":12,"column":21}},"loc":{"start":{"line":12,"column":33},"end":{"line":12,"column":48}},"line":12},"3":{"name":"(anonymous_3)","decl":{"start":{"line":15,"column":22},"end":{"line":15,"column":23}},"loc":{"start":{"line":15,"column":39},"end":{"line":18,"column":5}},"line":15},"4":{"name":"(anonymous_4)","decl":{"start":{"line":17,"column":20},"end":{"line":17,"column":21}},"loc":{"start":{"line":17,"column":33},"end":{"line":17,"column":48}},"line":17},"5":{"name":"(anonymous_5)","decl":{"start":{"line":20,"column":18},"end":{"line":20,"column":19}},"loc":{"start":{"line":20,"column":24},"end":{"line":22,"column":5}},"line":20}},"branchMap":{"0":{"loc":{"start":{"line":3,"column":28},"end":{"line":3,"column":45}},"type":"default-arg","locations":[{"start":{"line":3,"column":43},"end":{"line":3,"column":45}}],"line":3},"1":{"loc":{"start":{"line":11,"column":24},"end":{"line":11,"column":33}},"type":"default-arg","locations":[{"start":{"line":11,"column":32},"end":{"line":11,"column":33}}],"line":11},"2":{"loc":{"start":{"line":15,"column":24},"end":{"line":15,"column":33}},"type":"default-arg","locations":[{"start":{"line":15,"column":32},"end":{"line":15,"column":33}}],"line":15},"3":{"loc":{"start":{"line":16,"column":8},"end":{"line":16,"column":33}},"type":"if","locations":[{"start":{"line":16,"column":8},"end":{"line":16,"column":33}},{"start":{},"end":{}}],"line":16}},"s":{"0":2,"1":9,"2":9,"3":2,"4":2,"5":9,"6":4,"7":1,"8":3,"9":3,"10":9,"11":1,"12":9},"f":{"0":9,"1":2,"2":2,"3":4,"4":3,"5":1},"b":{"0":[1],"1":[1],"2":[3],"3":[1,3]},"_coverageSchema":"1a1c01bbd47fc00a2c39e90264f33305004495a9","hash":"121d097d3747f61dae3ae494c101dfd7caca608d"}
,"C:\\Users\\Cusmash\\Desktop\\React\\05-hook-app\\src\\hooks\\useFetch.js": {"path":"C:\\Users\\Cusmash\\Desktop\\React\\05-hook-app\\src\\hooks\\useFetch.js","statementMap":{"0":{"start":{"line":3,"column":19},"end":{"line":3,"column":21}},"1":{"start":{"line":5,"column":24},"end":{"line":76,"column":1}},"2":{"start":{"line":7,"column":30},"end":{"line":12,"column":6}},"3":{"start":{"line":14,"column":4},"end":{"line":16,"column":13}},"4":{"start":{"line":15,"column":8},"end":{"line":15,"column":19}},"5":{"start":{"line":18,"column":28},"end":{"line":25,"column":5}},"6":{"start":{"line":19,"column":8},"end":{"line":24,"column":11}},"7":{"start":{"line":27,"column":21},"end":{"line":68,"column":5}},"8":{"start":{"line":29,"column":8},"end":{"line":38,"column":9}},"9":{"start":{"line":30,"column":12},"end":{"line":35,"column":15}},"10":{"start":{"line":37,"column":12},"end":{"line":37,"column":19}},"11":{"start":{"line":40,"column":8},"end":{"line":40,"column":26}},"12":{"start":{"line":41,"column":21},"end":{"line":41,"column":37}},"13":{"start":{"line":44,"column":8},"end":{"line":44,"column":65}},"14":{"start":{"line":44,"column":38},"end":{"line":44,"column":63}},"15":{"start":{"line":46,"column":8},"end":{"line":57,"column":9}},"16":{"start":{"line":47,"column":12},"end":{"line":55,"column":14}},"17":{"start":{"line":56,"column":12},"end":{"line":56,"column":19}},"18":{"start":{"line":58,"column":21},"end":{"line":58,"column":38}},"19":{"start":{"line":59,"column":8},"end":{"line":64,"column":10}},"20":{"start":{"line":67,"column":8},"end":{"line":67,"column":31}},"21":{"start":{"line":71,"column":2},"end":{"line":75,"column":3}}},"fnMap":{"0":{"name":"(anonymous_0)","decl":{"start":{"line":5,"column":24},"end":{"line":5,"column":25}},"loc":{"start":{"line":5,"column":35},"end":{"line":76,"column":1}},"line":5},"1":{"name":"(anonymous_1)","decl":{"start":{"line":14,"column":14},"end":{"line":14,"column":15}},"loc":{"start":{"line":14,"column":20},"end":{"line":16,"column":5}},"line":14},"2":{"name":"(anonymous_2)","decl":{"start":{"line":18,"column":28},"end":{"line":18,"column":29}},"loc":{"start":{"line":18,"column":34},"end":{"line":25,"column":5}},"line":18},"3":{"name":"(anonymous_3)","decl":{"start":{"line":27,"column":21},"end":{"line":27,"column":22}},"loc":{"start":{"line":27,"column":32},"end":{"line":68,"column":5}},"line":27},"4":{"name":"(anonymous_4)","decl":{"start":{"line":44,"column":27},"end":{"line":44,"column":28}},"loc":{"start":{"line":44,"column":38},"end":{"line":44,"column":63}},"line":44}},"branchMap":{"0":{"loc":{"start":{"line":29,"column":8},"end":{"line":38,"column":9}},"type":"if","locations":[{"start":{"line":29,"column":8},"end":{"line":38,"column":9}},{"start":{},"end":{}}],"line":29},"1":{"loc":{"start":{"line":46,"column":8},"end":{"line":57,"column":9}},"type":"if","locations":[{"start":{"line":46,"column":8},"end":{"line":57,"column":9}},{"start":{},"end":{}}],"line":46}},"s":{"0":1,"1":1,"2":0,"3":0,"4":0,"5":0,"6":0,"7":0,"8":0,"9":0,"10":0,"11":0,"12":0,"13":0,"14":0,"15":0,"16":0,"17":0,"18":0,"19":0,"20":0,"21":0},"f":{"0":0,"1":0,"2":0,"3":0,"4":0},"b":{"0":[0,0],"1":[0,0]},"_coverageSchema":"1a1c01bbd47fc00a2c39e90264f33305004495a9","hash":"bc685f6abe35a76bb8834b89d40c0d264be625d6"}
,"C:\\Users\\Cusmash\\Desktop\\React\\05-hook-app\\src\\hooks\\useForm.js": {"path":"C:\\Users\\Cusmash\\Desktop\\React\\05-hook-app\\src\\hooks\\useForm.js","statementMap":{"0":{"start":{"line":4,"column":23},"end":{"line":26,"column":1}},"1":{"start":{"line":6,"column":38},"end":{"line":6,"column":59}},"2":{"start":{"line":8,"column":26},"end":{"line":14,"column":5}},"3":{"start":{"line":9,"column":32},"end":{"line":9,"column":38}},"4":{"start":{"line":10,"column":8},"end":{"line":13,"column":11}},"5":{"start":{"line":16,"column":24},"end":{"line":18,"column":5}},"6":{"start":{"line":17,"column":8},"end":{"line":17,"column":35}},"7":{"start":{"line":20,"column":4},"end":{"line":25,"column":5}}},"fnMap":{"0":{"name":"(anonymous_0)","decl":{"start":{"line":4,"column":23},"end":{"line":4,"column":24}},"loc":{"start":{"line":4,"column":45},"end":{"line":26,"column":1}},"line":4},"1":{"name":"(anonymous_1)","decl":{"start":{"line":8,"column":26},"end":{"line":8,"column":27}},"loc":{"start":{"line":8,"column":42},"end":{"line":14,"column":5}},"line":8},"2":{"name":"(anonymous_2)","decl":{"start":{"line":16,"column":24},"end":{"line":16,"column":25}},"loc":{"start":{"line":16,"column":30},"end":{"line":18,"column":5}},"line":16}},"branchMap":{"0":{"loc":{"start":{"line":4,"column":24},"end":{"line":4,"column":40}},"type":"default-arg","locations":[{"start":{"line":4,"column":38},"end":{"line":4,"column":40}}],"line":4}},"s":{"0":2,"1":7,"2":7,"3":2,"4":2,"5":7,"6":1,"7":7},"f":{"0":7,"1":2,"2":1},"b":{"0":[0]},"_coverageSchema":"1a1c01bbd47fc00a2c39e90264f33305004495a9","hash":"6f70045faac1b199780c0ae1eef29fc2be6da2b2"}
,"C:\\Users\\Cusmash\\Desktop\\React\\05-hook-app\\src\\hooks\\useTodos.js": {"path":"C:\\Users\\Cusmash\\Desktop\\React\\05-hook-app\\src\\hooks\\useTodos.js","statementMap":{"0":{"start":{"line":4,"column":21},"end":{"line":15,"column":1}},"1":{"start":{"line":17,"column":13},"end":{"line":19,"column":1}},"2":{"start":{"line":18,"column":4},"end":{"line":18,"column":60}},"3":{"start":{"line":21,"column":24},"end":{"line":61,"column":1}},"4":{"start":{"line":23,"column":30},"end":{"line":23,"column":75}},"5":{"start":{"line":25,"column":4},"end":{"line":27,"column":15}},"6":{"start":{"line":26,"column":6},"end":{"line":26,"column":61}},"7":{"start":{"line":30,"column":26},"end":{"line":37,"column":5}},"8":{"start":{"line":31,"column":23},"end":{"line":34,"column":9}},"9":{"start":{"line":36,"column":8},"end":{"line":36,"column":25}},"10":{"start":{"line":39,"column":29},"end":{"line":44,"column":5}},"11":{"start":{"line":40,"column":8},"end":{"line":43,"column":11}},"12":{"start":{"line":46,"column":29},"end":{"line":51,"column":5}},"13":{"start":{"line":47,"column":8},"end":{"line":50,"column":11}},"14":{"start":{"line":53,"column":4},"end":{"line":60,"column":5}},"15":{"start":{"line":56,"column":49},"end":{"line":56,"column":59}}},"fnMap":{"0":{"name":"(anonymous_0)","decl":{"start":{"line":17,"column":13},"end":{"line":17,"column":14}},"loc":{"start":{"line":17,"column":19},"end":{"line":19,"column":1}},"line":17},"1":{"name":"(anonymous_1)","decl":{"start":{"line":21,"column":24},"end":{"line":21,"column":25}},"loc":{"start":{"line":21,"column":30},"end":{"line":61,"column":1}},"line":21},"2":{"name":"(anonymous_2)","decl":{"start":{"line":25,"column":14},"end":{"line":25,"column":15}},"loc":{"start":{"line":25,"column":20},"end":{"line":27,"column":5}},"line":25},"3":{"name":"(anonymous_3)","decl":{"start":{"line":30,"column":26},"end":{"line":30,"column":27}},"loc":{"start":{"line":30,"column":38},"end":{"line":37,"column":5}},"line":30},"4":{"name":"(anonymous_4)","decl":{"start":{"line":39,"column":29},"end":{"line":39,"column":30}},"loc":{"start":{"line":39,"column":39},"end":{"line":44,"column":5}},"line":39},"5":{"name":"(anonymous_5)","decl":{"start":{"line":46,"column":29},"end":{"line":46,"column":30}},"loc":{"start":{"line":46,"column":39},"end":{"line":51,"column":5}},"line":46},"6":{"name":"(anonymous_6)","decl":{"start":{"line":56,"column":41},"end":{"line":56,"column":42}},"loc":{"start":{"line":56,"column":49},"end":{"line":56,"column":59}},"line":56}},"branchMap":{"0":{"loc":{"start":{"line":18,"column":11},"end":{"line":18,"column":59}},"type":"binary-expr","locations":[{"start":{"line":18,"column":11},"end":{"line":18,"column":53}},{"start":{"line":18,"column":57},"end":{"line":18,"column":59}}],"line":18}},"s":{"0":1,"1":1,"2":0,"3":1,"4":0,"5":0,"6":0,"7":0,"8":0,"9":0,"10":0,"11":0,"12":0,"13":0,"14":0,"15":0},"f":{"0":0,"1":0,"2":0,"3":0,"4":0,"5":0,"6":0},"b":{"0":[0,0]},"_coverageSchema":"1a1c01bbd47fc00a2c39e90264f33305004495a9","hash":"8838ee0c5b0fd207a7a436b5e3f8ce34534221c7"}
}
